<?xml version="1.0" encoding="UTF-8"?>
<testng-results ignored="0" total="1" passed="1" failed="0" skipped="0">
  <reporter-output>
  </reporter-output>
  <suite started-at="2023-04-30T12:17:57 IST" name="Default suite" finished-at="2023-04-30T12:17:57 IST" duration-ms="45">
    <groups>
    </groups>
    <test started-at="2023-04-30T12:17:57 IST" name="Default test" finished-at="2023-04-30T12:17:57 IST" duration-ms="45">
      <class name="GitSimple.WXYZ">
        <test-method signature="Test()[pri:0, instance:GitSimple.WXYZ@a3d8174]" started-at="2023-04-30T12:17:57 IST" name="Test" finished-at="2023-04-30T12:17:57 IST" duration-ms="8" status="PASS">
          <reporter-output>
          </reporter-output>
        </test-method> <!-- Test -->
      </class> <!-- GitSimple.WXYZ -->
    </test> <!-- Default test -->
  </suite> <!-- Default suite -->
</testng-results>
